<?xml version="1.0" encoding="UTF-8" ?>
<testsuite tests="1" failures="0" name="com.srccodes.example.hibernate.AppTest" time="0.007" errors="0" skipped="0">
  <properties>
    <property name="java.runtime.name" value="Java(TM) SE Runtime Environment"/>
    <property name="sun.boot.library.path" value="C:\java\jdk8_31\jre\bin"/>
    <property name="java.vm.version" value="25.31-b07"/>
    <property name="java.vm.vendor" value="Oracle Corporation"/>
    <property name="maven.multiModuleProjectDirectory" value="C:\Users\Pinzhenin-SY\git\tests\HibernateHelloWorld"/>
    <property name="java.vendor.url" value="http://java.oracle.com/"/>
    <property name="path.separator" value=";"/>
    <property name="guice.disable.misplaced.annotation.check" value="true"/>
    <property name="java.vm.name" value="Java HotSpot(TM) 64-Bit Server VM"/>
    <property name="file.encoding.pkg" value="sun.io"/>
    <property name="user.script" value=""/>
    <property name="user.country" value="RU"/>
    <property name="sun.java.launcher" value="SUN_STANDARD"/>
    <property name="sun.os.patch.level" value="Service Pack 1"/>
    <property name="java.vm.specification.name" value="Java Virtual Machine Specification"/>
    <property name="user.dir" value="C:\Users\Pinzhenin-SY\git\tests\HibernateHelloWorld"/>
    <property name="java.runtime.version" value="1.8.0_31-b13"/>
    <property name="java.awt.graphicsenv" value="sun.awt.Win32GraphicsEnvironment"/>
    <property name="java.endorsed.dirs" value="C:\java\jdk8_31\jre\lib\endorsed"/>
    <property name="os.arch" value="amd64"/>
    <property name="java.io.tmpdir" value="C:\Users\PINZHE~1\AppData\Local\Temp\"/>
    <property name="line.separator" value="
"/>
    <property name="java.vm.specification.vendor" value="Oracle Corporation"/>
    <property name="user.variant" value=""/>
    <property name="os.name" value="Windows 7"/>
    <property name="classworlds.conf" value="C:\Users\Pinzhenin-SY\workspace\.metadata\.plugins\org.eclipse.m2e.launching\launches\m2conf7846520218892357643.tmp"/>
    <property name="sun.jnu.encoding" value="Cp1251"/>
    <property name="java.library.path" value="C:\java\jdk8_31\bin;C:\WINDOWS\Sun\Java\bin;C:\WINDOWS\system32;C:\WINDOWS;C:/java/jre8_152-64/bin/server;C:/java/jre8_152-64/bin;C:/java/jre8_152-64/lib/amd64;c:\oracle\product\11.2.0.4\client_1\bin;C:\ProgramData\Oracle\Java\javapath;C:\Program Files (x86)\Common Files\ASCON Shared;C:\oracle\product\11.2.0\client_1\bin;C:\Program Files (x86)\CollabNet;C:\RAD Studio\10.0\bin;C:\Users\Public\Documents\RAD Studio\10.0\Bpl;C:\RAD Studio\10.0\bin64;C:\Users\Public\Documents\RAD Studio\10.0\Bpl\Win64;C:\Program Files (x86)\Common Files\Intel\Shared Files\cpp\bin\Intel64;C:\WINDOWS\system32;C:\WINDOWS;C:\WINDOWS\System32\Wbem;C:\WINDOWS\System32\WindowsPowerShell\v1.0\;C:\java\jre7\bin;C:\SERVIS15;C:\Program Files (x86)\Windows Kits\8.0\Windows Performance Toolkit\;C:\Program Files\Microsoft\Web Platform Installer\;C:\Program Files (x86)\Microsoft ASP.NET\ASP.NET Web Pages\v1.0\;C:\Program Files\Microsoft SQL Server\110\Tools\Binn\;C:\TCE\TC91\Visualization\Products\Mockup\ClearanceDB;;C:\java\jre8_152-64\bin;C:\tce\tc11\Visualization\Products\Mockup\ClearanceDB;C:\CAD\eJEE\eclipse;;."/>
    <property name="java.specification.name" value="Java Platform API Specification"/>
    <property name="java.class.version" value="52.0"/>
    <property name="sun.management.compiler" value="HotSpot 64-Bit Tiered Compilers"/>
    <property name="os.version" value="6.1"/>
    <property name="user.home" value="C:\Users\Pinzhenin-SY"/>
    <property name="user.timezone" value="Asia/Yekaterinburg"/>
    <property name="java.awt.printerjob" value="sun.awt.windows.WPrinterJob"/>
    <property name="java.specification.version" value="1.8"/>
    <property name="file.encoding" value="Cp1251"/>
    <property name="user.name" value="pinzhenin-sy"/>
    <property name="java.class.path" value="C:\CAD\eJEE\eclipse\plugins\org.eclipse.m2e.maven.runtime_1.10.0.20181127-2120\jars\plexus-classworlds-2.5.2.jar"/>
    <property name="java.vm.specification.version" value="1.8"/>
    <property name="sun.arch.data.model" value="64"/>
    <property name="java.home" value="C:\java\jdk8_31\jre"/>
    <property name="sun.java.command" value="org.codehaus.plexus.classworlds.launcher.Launcher -B package"/>
    <property name="java.specification.vendor" value="Oracle Corporation"/>
    <property name="user.language" value="ru"/>
    <property name="awt.toolkit" value="sun.awt.windows.WToolkit"/>
    <property name="java.vm.info" value="mixed mode"/>
    <property name="java.version" value="1.8.0_31"/>
    <property name="java.ext.dirs" value="C:\java\jdk8_31\jre\lib\ext;C:\WINDOWS\Sun\Java\lib\ext"/>
    <property name="sun.boot.class.path" value="C:\java\jdk8_31\jre\lib\resources.jar;C:\java\jdk8_31\jre\lib\rt.jar;C:\java\jdk8_31\jre\lib\sunrsasign.jar;C:\java\jdk8_31\jre\lib\jsse.jar;C:\java\jdk8_31\jre\lib\jce.jar;C:\java\jdk8_31\jre\lib\charsets.jar;C:\java\jdk8_31\jre\lib\jfr.jar;C:\java\jdk8_31\jre\classes"/>
    <property name="java.vendor" value="Oracle Corporation"/>
    <property name="maven.home" value="C:\Users\Pinzhenin-SY\git\tests\HibernateHelloWorld\EMBEDDED"/>
    <property name="file.separator" value="\"/>
    <property name="java.vendor.url.bug" value="http://bugreport.sun.com/bugreport/"/>
    <property name="sun.cpu.endian" value="little"/>
    <property name="sun.io.unicode.encoding" value="UnicodeLittle"/>
    <property name="sun.desktop" value="windows"/>
    <property name="sun.cpu.isalist" value="amd64"/>
  </properties>
  <testcase classname="com.srccodes.example.hibernate.AppTest" name="testApp" time="0.007"/>
</testsuite>